Command line:
   banc_de_registres_isim_beh.exe
     -simmode  gui
     -simrunnum  0
     -socket  49857

Wed May 13 09:59:00 2020


 Elaboration Time: 0.03 sec

 Current Memory Usage: 184.103 Meg

 Total Signals          : 10
 Total Nets             : 167
 Total Signal Drivers   : 3
 Total Blocks           : 3
 Total Primitive Blocks : 3
 Total Processes        : 1
 Total Traceable Variables  : 13
 Total Scalar Nets and Variables : 650
Total Line Count : 10

 Total Simulation Time: 0.05 sec

 Current Memory Usage: 259.604 Meg

Wed May 13 09:59:16 2020

