Terminaux inutilisés dans la grammaire

   tVOID
   tRETURN


Grammaire

    0 $accept: PROGRAM $end

    1 PROGRAM: RETURN_TYPE tMAIN tOPENED_PARENTHESIS tCLOSED_PARENTHESIS BODY

    2 RETURN_TYPE: TYPE
    3            | %empty

    4 BODY: tOPENED_C_BRACKET LISTE_DECLARATIONS LISTE_INSTRUCTIONS tCLOSED_C_BRACKET

    5 LISTE_DECLARATIONS: DECLARATION LISTE_DECLARATIONS
    6                   | %empty

    7 LISTE_INSTRUCTIONS: INSTRUCTION LISTE_INSTRUCTIONS
    8                   | %empty

    9 INSTRUCTION: AFFECTATION
   10            | AFFICHAGE

   11 TYPE: tINT

   12 TYPE_OPTION: tCONST

   13 DECLARATION: TYPE_OPTION TYPE LIST_IDENTIFIER tEQUAL EXPRESSION tSEMI_COLUMN
   14            | TYPE LIST_IDENTIFIER tSEMI_COLUMN
   15            | TYPE LIST_IDENTIFIER tEQUAL EXPRESSION tSEMI_COLUMN

   16 LIST_IDENTIFIER: tIDENTIFIER

   17 $@1: %empty

   18 LIST_IDENTIFIER: tIDENTIFIER $@1 tCOMMA LIST_IDENTIFIER

   19 AFFECTATION: tIDENTIFIER tEQUAL EXPRESSION tSEMI_COLUMN

   20 AFFICHAGE: tPRINTF tOPENED_PARENTHESIS tIDENTIFIER tCLOSED_PARENTHESIS tSEMI_COLUMN

   21 EXPRESSION: tOPENED_PARENTHESIS EXPRESSION tCLOSED_PARENTHESIS
   22           | EXPRESSION tSTAR EXPRESSION
   23           | EXPRESSION tSLASH EXPRESSION
   24           | EXPRESSION tPLUS EXPRESSION
   25           | EXPRESSION tMINUS EXPRESSION
   26           | tIDENTIFIER
   27           | tMINUS EXPRESSION
   28           | tNUMBER


Terminaux, suivis des règles où ils apparaissent

$end (0) 0
error (256)
tNUMBER (258) 28
tIDENTIFIER (259) 16 18 19 20 26
tCOMMA (260) 18
tSEMI_COLUMN (261) 13 14 15 19 20
tSLASH (262) 23
tSTAR (263) 22
tPLUS (264) 24
tMINUS (265) 25 27
tEQUAL (266) 13 15 19
tCLOSED_PARENTHESIS (267) 1 20 21
tOPENED_PARENTHESIS (268) 1 20 21
tVOID (269)
tCONST (270) 12
tINT (271) 11
tMAIN (272) 1
tOPENED_C_BRACKET (273) 4
tCLOSED_C_BRACKET (274) 4
tRETURN (275)
tPRINTF (276) 20


Non-terminaux, suivis des règles où ils apparaissent

$accept (22)
    à gauche: 0
PROGRAM (23)
    à gauche: 1, à droite: 0
RETURN_TYPE (24)
    à gauche: 2 3, à droite: 1
BODY (25)
    à gauche: 4, à droite: 1
LISTE_DECLARATIONS (26)
    à gauche: 5 6, à droite: 4 5
LISTE_INSTRUCTIONS (27)
    à gauche: 7 8, à droite: 4 7
INSTRUCTION (28)
    à gauche: 9 10, à droite: 7
TYPE (29)
    à gauche: 11, à droite: 2 13 14 15
TYPE_OPTION (30)
    à gauche: 12, à droite: 13
DECLARATION (31)
    à gauche: 13 14 15, à droite: 5
LIST_IDENTIFIER (32)
    à gauche: 16 18, à droite: 13 14 15 18
$@1 (33)
    à gauche: 17, à droite: 18
AFFECTATION (34)
    à gauche: 19, à droite: 9
AFFICHAGE (35)
    à gauche: 20, à droite: 10
EXPRESSION (36)
    à gauche: 21 22 23 24 25 26 27 28, à droite: 13 15 19 21 22 23
    24 25 27


État 0

    0 $accept: . PROGRAM $end

    tINT  décalage et aller à l'état 1

    $défaut  réduction par utilisation de la règle 3 (RETURN_TYPE)

    PROGRAM      aller à l'état 2
    RETURN_TYPE  aller à l'état 3
    TYPE         aller à l'état 4


État 1

   11 TYPE: tINT .

    $défaut  réduction par utilisation de la règle 11 (TYPE)


État 2

    0 $accept: PROGRAM . $end

    $end  décalage et aller à l'état 5


État 3

    1 PROGRAM: RETURN_TYPE . tMAIN tOPENED_PARENTHESIS tCLOSED_PARENTHESIS BODY

    tMAIN  décalage et aller à l'état 6


État 4

    2 RETURN_TYPE: TYPE .

    $défaut  réduction par utilisation de la règle 2 (RETURN_TYPE)


État 5

    0 $accept: PROGRAM $end .

    $défaut  accepter


État 6

    1 PROGRAM: RETURN_TYPE tMAIN . tOPENED_PARENTHESIS tCLOSED_PARENTHESIS BODY

    tOPENED_PARENTHESIS  décalage et aller à l'état 7


État 7

    1 PROGRAM: RETURN_TYPE tMAIN tOPENED_PARENTHESIS . tCLOSED_PARENTHESIS BODY

    tCLOSED_PARENTHESIS  décalage et aller à l'état 8


État 8

    1 PROGRAM: RETURN_TYPE tMAIN tOPENED_PARENTHESIS tCLOSED_PARENTHESIS . BODY

    tOPENED_C_BRACKET  décalage et aller à l'état 9

    BODY  aller à l'état 10


État 9

    4 BODY: tOPENED_C_BRACKET . LISTE_DECLARATIONS LISTE_INSTRUCTIONS tCLOSED_C_BRACKET

    tCONST  décalage et aller à l'état 11
    tINT    décalage et aller à l'état 1

    $défaut  réduction par utilisation de la règle 6 (LISTE_DECLARATIONS)

    LISTE_DECLARATIONS  aller à l'état 12
    TYPE                aller à l'état 13
    TYPE_OPTION         aller à l'état 14
    DECLARATION         aller à l'état 15


État 10

    1 PROGRAM: RETURN_TYPE tMAIN tOPENED_PARENTHESIS tCLOSED_PARENTHESIS BODY .

    $défaut  réduction par utilisation de la règle 1 (PROGRAM)


État 11

   12 TYPE_OPTION: tCONST .

    $défaut  réduction par utilisation de la règle 12 (TYPE_OPTION)


État 12

    4 BODY: tOPENED_C_BRACKET LISTE_DECLARATIONS . LISTE_INSTRUCTIONS tCLOSED_C_BRACKET

    tIDENTIFIER  décalage et aller à l'état 16
    tPRINTF      décalage et aller à l'état 17

    $défaut  réduction par utilisation de la règle 8 (LISTE_INSTRUCTIONS)

    LISTE_INSTRUCTIONS  aller à l'état 18
    INSTRUCTION         aller à l'état 19
    AFFECTATION         aller à l'état 20
    AFFICHAGE           aller à l'état 21


État 13

   14 DECLARATION: TYPE . LIST_IDENTIFIER tSEMI_COLUMN
   15            | TYPE . LIST_IDENTIFIER tEQUAL EXPRESSION tSEMI_COLUMN

    tIDENTIFIER  décalage et aller à l'état 22

    LIST_IDENTIFIER  aller à l'état 23


État 14

   13 DECLARATION: TYPE_OPTION . TYPE LIST_IDENTIFIER tEQUAL EXPRESSION tSEMI_COLUMN

    tINT  décalage et aller à l'état 1

    TYPE  aller à l'état 24


État 15

    5 LISTE_DECLARATIONS: DECLARATION . LISTE_DECLARATIONS

    tCONST  décalage et aller à l'état 11
    tINT    décalage et aller à l'état 1

    $défaut  réduction par utilisation de la règle 6 (LISTE_DECLARATIONS)

    LISTE_DECLARATIONS  aller à l'état 25
    TYPE                aller à l'état 13
    TYPE_OPTION         aller à l'état 14
    DECLARATION         aller à l'état 15


État 16

   19 AFFECTATION: tIDENTIFIER . tEQUAL EXPRESSION tSEMI_COLUMN

    tEQUAL  décalage et aller à l'état 26


État 17

   20 AFFICHAGE: tPRINTF . tOPENED_PARENTHESIS tIDENTIFIER tCLOSED_PARENTHESIS tSEMI_COLUMN

    tOPENED_PARENTHESIS  décalage et aller à l'état 27


État 18

    4 BODY: tOPENED_C_BRACKET LISTE_DECLARATIONS LISTE_INSTRUCTIONS . tCLOSED_C_BRACKET

    tCLOSED_C_BRACKET  décalage et aller à l'état 28


État 19

    7 LISTE_INSTRUCTIONS: INSTRUCTION . LISTE_INSTRUCTIONS

    tIDENTIFIER  décalage et aller à l'état 16
    tPRINTF      décalage et aller à l'état 17

    $défaut  réduction par utilisation de la règle 8 (LISTE_INSTRUCTIONS)

    LISTE_INSTRUCTIONS  aller à l'état 29
    INSTRUCTION         aller à l'état 19
    AFFECTATION         aller à l'état 20
    AFFICHAGE           aller à l'état 21


État 20

    9 INSTRUCTION: AFFECTATION .

    $défaut  réduction par utilisation de la règle 9 (INSTRUCTION)


État 21

   10 INSTRUCTION: AFFICHAGE .

    $défaut  réduction par utilisation de la règle 10 (INSTRUCTION)


État 22

   16 LIST_IDENTIFIER: tIDENTIFIER .
   18                | tIDENTIFIER . $@1 tCOMMA LIST_IDENTIFIER

    tCOMMA    réduction par utilisation de la règle 17 ($@1)
    $défaut  réduction par utilisation de la règle 16 (LIST_IDENTIFIER)

    $@1  aller à l'état 30


État 23

   14 DECLARATION: TYPE LIST_IDENTIFIER . tSEMI_COLUMN
   15            | TYPE LIST_IDENTIFIER . tEQUAL EXPRESSION tSEMI_COLUMN

    tSEMI_COLUMN  décalage et aller à l'état 31
    tEQUAL        décalage et aller à l'état 32


État 24

   13 DECLARATION: TYPE_OPTION TYPE . LIST_IDENTIFIER tEQUAL EXPRESSION tSEMI_COLUMN

    tIDENTIFIER  décalage et aller à l'état 22

    LIST_IDENTIFIER  aller à l'état 33


État 25

    5 LISTE_DECLARATIONS: DECLARATION LISTE_DECLARATIONS .

    $défaut  réduction par utilisation de la règle 5 (LISTE_DECLARATIONS)


État 26

   19 AFFECTATION: tIDENTIFIER tEQUAL . EXPRESSION tSEMI_COLUMN

    tNUMBER              décalage et aller à l'état 34
    tIDENTIFIER          décalage et aller à l'état 35
    tMINUS               décalage et aller à l'état 36
    tOPENED_PARENTHESIS  décalage et aller à l'état 37

    EXPRESSION  aller à l'état 38


État 27

   20 AFFICHAGE: tPRINTF tOPENED_PARENTHESIS . tIDENTIFIER tCLOSED_PARENTHESIS tSEMI_COLUMN

    tIDENTIFIER  décalage et aller à l'état 39


État 28

    4 BODY: tOPENED_C_BRACKET LISTE_DECLARATIONS LISTE_INSTRUCTIONS tCLOSED_C_BRACKET .

    $défaut  réduction par utilisation de la règle 4 (BODY)


État 29

    7 LISTE_INSTRUCTIONS: INSTRUCTION LISTE_INSTRUCTIONS .

    $défaut  réduction par utilisation de la règle 7 (LISTE_INSTRUCTIONS)


État 30

   18 LIST_IDENTIFIER: tIDENTIFIER $@1 . tCOMMA LIST_IDENTIFIER

    tCOMMA  décalage et aller à l'état 40


État 31

   14 DECLARATION: TYPE LIST_IDENTIFIER tSEMI_COLUMN .

    $défaut  réduction par utilisation de la règle 14 (DECLARATION)


État 32

   15 DECLARATION: TYPE LIST_IDENTIFIER tEQUAL . EXPRESSION tSEMI_COLUMN

    tNUMBER              décalage et aller à l'état 34
    tIDENTIFIER          décalage et aller à l'état 35
    tMINUS               décalage et aller à l'état 36
    tOPENED_PARENTHESIS  décalage et aller à l'état 37

    EXPRESSION  aller à l'état 41


État 33

   13 DECLARATION: TYPE_OPTION TYPE LIST_IDENTIFIER . tEQUAL EXPRESSION tSEMI_COLUMN

    tEQUAL  décalage et aller à l'état 42


État 34

   28 EXPRESSION: tNUMBER .

    $défaut  réduction par utilisation de la règle 28 (EXPRESSION)


État 35

   26 EXPRESSION: tIDENTIFIER .

    $défaut  réduction par utilisation de la règle 26 (EXPRESSION)


État 36

   27 EXPRESSION: tMINUS . EXPRESSION

    tNUMBER              décalage et aller à l'état 34
    tIDENTIFIER          décalage et aller à l'état 35
    tMINUS               décalage et aller à l'état 36
    tOPENED_PARENTHESIS  décalage et aller à l'état 37

    EXPRESSION  aller à l'état 43


État 37

   21 EXPRESSION: tOPENED_PARENTHESIS . EXPRESSION tCLOSED_PARENTHESIS

    tNUMBER              décalage et aller à l'état 34
    tIDENTIFIER          décalage et aller à l'état 35
    tMINUS               décalage et aller à l'état 36
    tOPENED_PARENTHESIS  décalage et aller à l'état 37

    EXPRESSION  aller à l'état 44


État 38

   19 AFFECTATION: tIDENTIFIER tEQUAL EXPRESSION . tSEMI_COLUMN
   22 EXPRESSION: EXPRESSION . tSTAR EXPRESSION
   23           | EXPRESSION . tSLASH EXPRESSION
   24           | EXPRESSION . tPLUS EXPRESSION
   25           | EXPRESSION . tMINUS EXPRESSION

    tSEMI_COLUMN  décalage et aller à l'état 45
    tSLASH        décalage et aller à l'état 46
    tSTAR         décalage et aller à l'état 47
    tPLUS         décalage et aller à l'état 48
    tMINUS        décalage et aller à l'état 49


État 39

   20 AFFICHAGE: tPRINTF tOPENED_PARENTHESIS tIDENTIFIER . tCLOSED_PARENTHESIS tSEMI_COLUMN

    tCLOSED_PARENTHESIS  décalage et aller à l'état 50


État 40

   18 LIST_IDENTIFIER: tIDENTIFIER $@1 tCOMMA . LIST_IDENTIFIER

    tIDENTIFIER  décalage et aller à l'état 22

    LIST_IDENTIFIER  aller à l'état 51


État 41

   15 DECLARATION: TYPE LIST_IDENTIFIER tEQUAL EXPRESSION . tSEMI_COLUMN
   22 EXPRESSION: EXPRESSION . tSTAR EXPRESSION
   23           | EXPRESSION . tSLASH EXPRESSION
   24           | EXPRESSION . tPLUS EXPRESSION
   25           | EXPRESSION . tMINUS EXPRESSION

    tSEMI_COLUMN  décalage et aller à l'état 52
    tSLASH        décalage et aller à l'état 46
    tSTAR         décalage et aller à l'état 47
    tPLUS         décalage et aller à l'état 48
    tMINUS        décalage et aller à l'état 49


État 42

   13 DECLARATION: TYPE_OPTION TYPE LIST_IDENTIFIER tEQUAL . EXPRESSION tSEMI_COLUMN

    tNUMBER              décalage et aller à l'état 34
    tIDENTIFIER          décalage et aller à l'état 35
    tMINUS               décalage et aller à l'état 36
    tOPENED_PARENTHESIS  décalage et aller à l'état 37

    EXPRESSION  aller à l'état 53


État 43

   22 EXPRESSION: EXPRESSION . tSTAR EXPRESSION
   23           | EXPRESSION . tSLASH EXPRESSION
   24           | EXPRESSION . tPLUS EXPRESSION
   25           | EXPRESSION . tMINUS EXPRESSION
   27           | tMINUS EXPRESSION .

    $défaut  réduction par utilisation de la règle 27 (EXPRESSION)


État 44

   21 EXPRESSION: tOPENED_PARENTHESIS EXPRESSION . tCLOSED_PARENTHESIS
   22           | EXPRESSION . tSTAR EXPRESSION
   23           | EXPRESSION . tSLASH EXPRESSION
   24           | EXPRESSION . tPLUS EXPRESSION
   25           | EXPRESSION . tMINUS EXPRESSION

    tSLASH               décalage et aller à l'état 46
    tSTAR                décalage et aller à l'état 47
    tPLUS                décalage et aller à l'état 48
    tMINUS               décalage et aller à l'état 49
    tCLOSED_PARENTHESIS  décalage et aller à l'état 54


État 45

   19 AFFECTATION: tIDENTIFIER tEQUAL EXPRESSION tSEMI_COLUMN .

    $défaut  réduction par utilisation de la règle 19 (AFFECTATION)


État 46

   23 EXPRESSION: EXPRESSION tSLASH . EXPRESSION

    tNUMBER              décalage et aller à l'état 34
    tIDENTIFIER          décalage et aller à l'état 35
    tMINUS               décalage et aller à l'état 36
    tOPENED_PARENTHESIS  décalage et aller à l'état 37

    EXPRESSION  aller à l'état 55


État 47

   22 EXPRESSION: EXPRESSION tSTAR . EXPRESSION

    tNUMBER              décalage et aller à l'état 34
    tIDENTIFIER          décalage et aller à l'état 35
    tMINUS               décalage et aller à l'état 36
    tOPENED_PARENTHESIS  décalage et aller à l'état 37

    EXPRESSION  aller à l'état 56


État 48

   24 EXPRESSION: EXPRESSION tPLUS . EXPRESSION

    tNUMBER              décalage et aller à l'état 34
    tIDENTIFIER          décalage et aller à l'état 35
    tMINUS               décalage et aller à l'état 36
    tOPENED_PARENTHESIS  décalage et aller à l'état 37

    EXPRESSION  aller à l'état 57


État 49

   25 EXPRESSION: EXPRESSION tMINUS . EXPRESSION

    tNUMBER              décalage et aller à l'état 34
    tIDENTIFIER          décalage et aller à l'état 35
    tMINUS               décalage et aller à l'état 36
    tOPENED_PARENTHESIS  décalage et aller à l'état 37

    EXPRESSION  aller à l'état 58


État 50

   20 AFFICHAGE: tPRINTF tOPENED_PARENTHESIS tIDENTIFIER tCLOSED_PARENTHESIS . tSEMI_COLUMN

    tSEMI_COLUMN  décalage et aller à l'état 59


État 51

   18 LIST_IDENTIFIER: tIDENTIFIER $@1 tCOMMA LIST_IDENTIFIER .

    $défaut  réduction par utilisation de la règle 18 (LIST_IDENTIFIER)


État 52

   15 DECLARATION: TYPE LIST_IDENTIFIER tEQUAL EXPRESSION tSEMI_COLUMN .

    $défaut  réduction par utilisation de la règle 15 (DECLARATION)


État 53

   13 DECLARATION: TYPE_OPTION TYPE LIST_IDENTIFIER tEQUAL EXPRESSION . tSEMI_COLUMN
   22 EXPRESSION: EXPRESSION . tSTAR EXPRESSION
   23           | EXPRESSION . tSLASH EXPRESSION
   24           | EXPRESSION . tPLUS EXPRESSION
   25           | EXPRESSION . tMINUS EXPRESSION

    tSEMI_COLUMN  décalage et aller à l'état 60
    tSLASH        décalage et aller à l'état 46
    tSTAR         décalage et aller à l'état 47
    tPLUS         décalage et aller à l'état 48
    tMINUS        décalage et aller à l'état 49


État 54

   21 EXPRESSION: tOPENED_PARENTHESIS EXPRESSION tCLOSED_PARENTHESIS .

    $défaut  réduction par utilisation de la règle 21 (EXPRESSION)


État 55

   22 EXPRESSION: EXPRESSION . tSTAR EXPRESSION
   23           | EXPRESSION . tSLASH EXPRESSION
   23           | EXPRESSION tSLASH EXPRESSION .
   24           | EXPRESSION . tPLUS EXPRESSION
   25           | EXPRESSION . tMINUS EXPRESSION

    $défaut  réduction par utilisation de la règle 23 (EXPRESSION)


État 56

   22 EXPRESSION: EXPRESSION . tSTAR EXPRESSION
   22           | EXPRESSION tSTAR EXPRESSION .
   23           | EXPRESSION . tSLASH EXPRESSION
   24           | EXPRESSION . tPLUS EXPRESSION
   25           | EXPRESSION . tMINUS EXPRESSION

    $défaut  réduction par utilisation de la règle 22 (EXPRESSION)


État 57

   22 EXPRESSION: EXPRESSION . tSTAR EXPRESSION
   23           | EXPRESSION . tSLASH EXPRESSION
   24           | EXPRESSION . tPLUS EXPRESSION
   24           | EXPRESSION tPLUS EXPRESSION .
   25           | EXPRESSION . tMINUS EXPRESSION

    tSLASH  décalage et aller à l'état 46
    tSTAR   décalage et aller à l'état 47

    $défaut  réduction par utilisation de la règle 24 (EXPRESSION)


État 58

   22 EXPRESSION: EXPRESSION . tSTAR EXPRESSION
   23           | EXPRESSION . tSLASH EXPRESSION
   24           | EXPRESSION . tPLUS EXPRESSION
   25           | EXPRESSION . tMINUS EXPRESSION
   25           | EXPRESSION tMINUS EXPRESSION .

    tSLASH  décalage et aller à l'état 46
    tSTAR   décalage et aller à l'état 47

    $défaut  réduction par utilisation de la règle 25 (EXPRESSION)


État 59

   20 AFFICHAGE: tPRINTF tOPENED_PARENTHESIS tIDENTIFIER tCLOSED_PARENTHESIS tSEMI_COLUMN .

    $défaut  réduction par utilisation de la règle 20 (AFFICHAGE)


État 60

   13 DECLARATION: TYPE_OPTION TYPE LIST_IDENTIFIER tEQUAL EXPRESSION tSEMI_COLUMN .

    $défaut  réduction par utilisation de la règle 13 (DECLARATION)
